/home/gio2/Robotics/freshStart/Gazebo-Ros2-Demo/ros2_ws/install/my_robot_package/lib/python3.12/site-packages/my_robot_package/map_merger_old.py
/home/gio2/Robotics/freshStart/Gazebo-Ros2-Demo/ros2_ws/install/my_robot_package/lib/python3.12/site-packages/my_robot_package/__init__.py
/home/gio2/Robotics/freshStart/Gazebo-Ros2-Demo/ros2_ws/install/my_robot_package/lib/python3.12/site-packages/my_robot_package/map_merger.py
/home/gio2/Robotics/freshStart/Gazebo-Ros2-Demo/ros2_ws/install/my_robot_package/lib/python3.12/site-packages/my_robot_package/path_follower.py
/home/gio2/Robotics/freshStart/Gazebo-Ros2-Demo/ros2_ws/install/my_robot_package/lib/python3.12/site-packages/my_robot_package/tf_publisher.py
/home/gio2/Robotics/freshStart/Gazebo-Ros2-Demo/ros2_ws/install/my_robot_package/lib/python3.12/site-packages/my_robot_package/path_creator.py
/home/gio2/Robotics/freshStart/Gazebo-Ros2-Demo/ros2_ws/install/my_robot_package/lib/python3.12/site-packages/my_robot_package/__pycache__/map_merger_old.cpython-312.pyc
/home/gio2/Robotics/freshStart/Gazebo-Ros2-Demo/ros2_ws/install/my_robot_package/lib/python3.12/site-packages/my_robot_package/__pycache__/__init__.cpython-312.pyc
/home/gio2/Robotics/freshStart/Gazebo-Ros2-Demo/ros2_ws/install/my_robot_package/lib/python3.12/site-packages/my_robot_package/__pycache__/map_merger.cpython-312.pyc
/home/gio2/Robotics/freshStart/Gazebo-Ros2-Demo/ros2_ws/install/my_robot_package/lib/python3.12/site-packages/my_robot_package/__pycache__/path_follower.cpython-312.pyc
/home/gio2/Robotics/freshStart/Gazebo-Ros2-Demo/ros2_ws/install/my_robot_package/lib/python3.12/site-packages/my_robot_package/__pycache__/tf_publisher.cpython-312.pyc
/home/gio2/Robotics/freshStart/Gazebo-Ros2-Demo/ros2_ws/install/my_robot_package/lib/python3.12/site-packages/my_robot_package/__pycache__/path_creator.cpython-312.pyc
/home/gio2/Robotics/freshStart/Gazebo-Ros2-Demo/ros2_ws/install/my_robot_package/share/ament_index/resource_index/packages/my_robot_package
/home/gio2/Robotics/freshStart/Gazebo-Ros2-Demo/ros2_ws/install/my_robot_package/share/my_robot_package/package.xml
/home/gio2/Robotics/freshStart/Gazebo-Ros2-Demo/ros2_ws/install/my_robot_package/share/my_robot_package/launch/my_launch_file.launch.py
/home/gio2/Robotics/freshStart/Gazebo-Ros2-Demo/ros2_ws/install/my_robot_package/share/my_robot_package/launch/online_async_launch1.py
/home/gio2/Robotics/freshStart/Gazebo-Ros2-Demo/ros2_ws/install/my_robot_package/share/my_robot_package/launch/online_async_launch2.py
/home/gio2/Robotics/freshStart/Gazebo-Ros2-Demo/ros2_ws/install/my_robot_package/share/my_robot_package/config/mapper_params_online_async1.yaml
/home/gio2/Robotics/freshStart/Gazebo-Ros2-Demo/ros2_ws/install/my_robot_package/share/my_robot_package/config/mapper_params_online_async2.yaml
/home/gio2/Robotics/freshStart/Gazebo-Ros2-Demo/ros2_ws/install/my_robot_package/share/my_robot_package/meshes/chassis.dae
/home/gio2/Robotics/freshStart/Gazebo-Ros2-Demo/ros2_ws/install/my_robot_package/share/my_robot_package/meshes/wheel.dae
/home/gio2/Robotics/freshStart/Gazebo-Ros2-Demo/ros2_ws/install/my_robot_package/share/my_robot_package/urdf/robot1.urdf
/home/gio2/Robotics/freshStart/Gazebo-Ros2-Demo/ros2_ws/install/my_robot_package/share/my_robot_package/urdf/robot2.urdf
/home/gio2/Robotics/freshStart/Gazebo-Ros2-Demo/ros2_ws/install/my_robot_package/share/my_robot_package/worlds/harmonic.sdf
/home/gio2/Robotics/freshStart/Gazebo-Ros2-Demo/ros2_ws/install/my_robot_package/share/my_robot_package/worlds/building_robot2.sdf
/home/gio2/Robotics/freshStart/Gazebo-Ros2-Demo/ros2_ws/install/my_robot_package/lib/python3.12/site-packages/my_robot_package-0.0.0-py3.12.egg-info/top_level.txt
/home/gio2/Robotics/freshStart/Gazebo-Ros2-Demo/ros2_ws/install/my_robot_package/lib/python3.12/site-packages/my_robot_package-0.0.0-py3.12.egg-info/PKG-INFO
/home/gio2/Robotics/freshStart/Gazebo-Ros2-Demo/ros2_ws/install/my_robot_package/lib/python3.12/site-packages/my_robot_package-0.0.0-py3.12.egg-info/dependency_links.txt
/home/gio2/Robotics/freshStart/Gazebo-Ros2-Demo/ros2_ws/install/my_robot_package/lib/python3.12/site-packages/my_robot_package-0.0.0-py3.12.egg-info/entry_points.txt
/home/gio2/Robotics/freshStart/Gazebo-Ros2-Demo/ros2_ws/install/my_robot_package/lib/python3.12/site-packages/my_robot_package-0.0.0-py3.12.egg-info/SOURCES.txt
/home/gio2/Robotics/freshStart/Gazebo-Ros2-Demo/ros2_ws/install/my_robot_package/lib/python3.12/site-packages/my_robot_package-0.0.0-py3.12.egg-info/requires.txt
/home/gio2/Robotics/freshStart/Gazebo-Ros2-Demo/ros2_ws/install/my_robot_package/lib/python3.12/site-packages/my_robot_package-0.0.0-py3.12.egg-info/zip-safe
/home/gio2/Robotics/freshStart/Gazebo-Ros2-Demo/ros2_ws/install/my_robot_package/lib/my_robot_package/map_merger
/home/gio2/Robotics/freshStart/Gazebo-Ros2-Demo/ros2_ws/install/my_robot_package/lib/my_robot_package/path_follower
/home/gio2/Robotics/freshStart/Gazebo-Ros2-Demo/ros2_ws/install/my_robot_package/lib/my_robot_package/tf_publisher
