[0.926s] Invoking command in '/home/gio2/Robotics/freshStart/Gazebo-Ros2-Demo/ros2_ws/my_robot_package': PYTHONPATH=/home/gio2/Robotics/freshStart/Gazebo-Ros2-Demo/ros2_ws/build/my_robot_package/prefix_override:/usr/lib/python3/dist-packages/colcon_core/task/python/colcon_distutils_commands:/home/gio2/Robotics/freshStart/Gazebo-Ros2-Demo/ros2_ws/install/my_robot_package/lib/python3.12/site-packages:${PYTHONPATH} /usr/bin/python3 -W ignore:setup.py install is deprecated -W ignore:easy_install command is deprecated setup.py egg_info --egg-base ../build/my_robot_package build --build-base /home/gio2/Robotics/freshStart/Gazebo-Ros2-Demo/ros2_ws/build/my_robot_package/build install --record /home/gio2/Robotics/freshStart/Gazebo-Ros2-Demo/ros2_ws/build/my_robot_package/install.log --single-version-externally-managed install_data
[1.085s] running egg_info
[1.097s] writing ../build/my_robot_package/my_robot_package.egg-info/PKG-INFO
[1.097s] writing dependency_links to ../build/my_robot_package/my_robot_package.egg-info/dependency_links.txt
[1.097s] writing entry points to ../build/my_robot_package/my_robot_package.egg-info/entry_points.txt
[1.097s] writing requirements to ../build/my_robot_package/my_robot_package.egg-info/requires.txt
[1.098s] writing top-level names to ../build/my_robot_package/my_robot_package.egg-info/top_level.txt
[1.119s] reading manifest file '../build/my_robot_package/my_robot_package.egg-info/SOURCES.txt'
[1.122s] writing manifest file '../build/my_robot_package/my_robot_package.egg-info/SOURCES.txt'
[1.122s] running build
[1.122s] running build_py
[1.123s] copying my_robot_package/map_merger.py -> /home/gio2/Robotics/freshStart/Gazebo-Ros2-Demo/ros2_ws/build/my_robot_package/build/lib/my_robot_package
[1.124s] running install
[1.128s] running install_lib
[1.140s] copying /home/gio2/Robotics/freshStart/Gazebo-Ros2-Demo/ros2_ws/build/my_robot_package/build/lib/my_robot_package/map_merger.py -> /home/gio2/Robotics/freshStart/Gazebo-Ros2-Demo/ros2_ws/install/my_robot_package/lib/python3.12/site-packages/my_robot_package
[1.141s] byte-compiling /home/gio2/Robotics/freshStart/Gazebo-Ros2-Demo/ros2_ws/install/my_robot_package/lib/python3.12/site-packages/my_robot_package/map_merger.py to map_merger.cpython-312.pyc
[1.142s] running install_data
[1.142s] copying launch/my_launch_file.launch.py -> /home/gio2/Robotics/freshStart/Gazebo-Ros2-Demo/ros2_ws/install/my_robot_package/share/my_robot_package/launch
[1.142s] creating /home/gio2/Robotics/freshStart/Gazebo-Ros2-Demo/ros2_ws/install/my_robot_package/share/my_robot_package/urdf
[1.142s] copying urdf/robot1.urdf -> /home/gio2/Robotics/freshStart/Gazebo-Ros2-Demo/ros2_ws/install/my_robot_package/share/my_robot_package/urdf
[1.143s] copying urdf/robot2.urdf -> /home/gio2/Robotics/freshStart/Gazebo-Ros2-Demo/ros2_ws/install/my_robot_package/share/my_robot_package/urdf
[1.143s] running install_egg_info
[1.154s] removing '/home/gio2/Robotics/freshStart/Gazebo-Ros2-Demo/ros2_ws/install/my_robot_package/lib/python3.12/site-packages/my_robot_package-0.0.0-py3.12.egg-info' (and everything under it)
[1.155s] Copying ../build/my_robot_package/my_robot_package.egg-info to /home/gio2/Robotics/freshStart/Gazebo-Ros2-Demo/ros2_ws/install/my_robot_package/lib/python3.12/site-packages/my_robot_package-0.0.0-py3.12.egg-info
[1.156s] running install_scripts
[1.229s] Installing map_merger script to /home/gio2/Robotics/freshStart/Gazebo-Ros2-Demo/ros2_ws/install/my_robot_package/lib/my_robot_package
[1.229s] Installing path_follower script to /home/gio2/Robotics/freshStart/Gazebo-Ros2-Demo/ros2_ws/install/my_robot_package/lib/my_robot_package
[1.229s] Installing tf_publisher script to /home/gio2/Robotics/freshStart/Gazebo-Ros2-Demo/ros2_ws/install/my_robot_package/lib/my_robot_package
[1.229s] writing list of installed files to '/home/gio2/Robotics/freshStart/Gazebo-Ros2-Demo/ros2_ws/build/my_robot_package/install.log'
[1.252s] Invoked command in '/home/gio2/Robotics/freshStart/Gazebo-Ros2-Demo/ros2_ws/my_robot_package' returned '0': PYTHONPATH=/home/gio2/Robotics/freshStart/Gazebo-Ros2-Demo/ros2_ws/build/my_robot_package/prefix_override:/usr/lib/python3/dist-packages/colcon_core/task/python/colcon_distutils_commands:/home/gio2/Robotics/freshStart/Gazebo-Ros2-Demo/ros2_ws/install/my_robot_package/lib/python3.12/site-packages:${PYTHONPATH} /usr/bin/python3 -W ignore:setup.py install is deprecated -W ignore:easy_install command is deprecated setup.py egg_info --egg-base ../build/my_robot_package build --build-base /home/gio2/Robotics/freshStart/Gazebo-Ros2-Demo/ros2_ws/build/my_robot_package/build install --record /home/gio2/Robotics/freshStart/Gazebo-Ros2-Demo/ros2_ws/build/my_robot_package/install.log --single-version-externally-managed install_data
