[0.868s] Invoking command in '/home/gio2/Robotics/freshStart/Gazebo-Ros2-Demo/ros2_ws/my_robot_package': PYTHONPATH=/home/gio2/Robotics/freshStart/Gazebo-Ros2-Demo/ros2_ws/build/my_robot_package/prefix_override:/usr/lib/python3/dist-packages/colcon_core/task/python/colcon_distutils_commands:/home/gio2/Robotics/freshStart/Gazebo-Ros2-Demo/ros2_ws/install/my_robot_package/lib/python3.12/site-packages:${PYTHONPATH} /usr/bin/python3 -W ignore:setup.py install is deprecated -W ignore:easy_install command is deprecated setup.py egg_info --egg-base ../build/my_robot_package build --build-base /home/gio2/Robotics/freshStart/Gazebo-Ros2-Demo/ros2_ws/build/my_robot_package/build install --record /home/gio2/Robotics/freshStart/Gazebo-Ros2-Demo/ros2_ws/build/my_robot_package/install.log --single-version-externally-managed install_data
[1.027s] running egg_info
[1.027s] creating ../build/my_robot_package/my_robot_package.egg-info
[1.042s] writing ../build/my_robot_package/my_robot_package.egg-info/PKG-INFO
[1.043s] writing dependency_links to ../build/my_robot_package/my_robot_package.egg-info/dependency_links.txt
[1.043s] writing requirements to ../build/my_robot_package/my_robot_package.egg-info/requires.txt
[1.043s] writing top-level names to ../build/my_robot_package/my_robot_package.egg-info/top_level.txt
[1.043s] writing manifest file '../build/my_robot_package/my_robot_package.egg-info/SOURCES.txt'
[1.065s] reading manifest file '../build/my_robot_package/my_robot_package.egg-info/SOURCES.txt'
[1.066s] writing manifest file '../build/my_robot_package/my_robot_package.egg-info/SOURCES.txt'
[1.066s] running build
[1.066s] running build_py
[1.066s] creating /home/gio2/Robotics/freshStart/Gazebo-Ros2-Demo/ros2_ws/build/my_robot_package/build
[1.066s] creating /home/gio2/Robotics/freshStart/Gazebo-Ros2-Demo/ros2_ws/build/my_robot_package/build/lib
[1.066s] creating /home/gio2/Robotics/freshStart/Gazebo-Ros2-Demo/ros2_ws/build/my_robot_package/build/lib/my_robot_package
[1.066s] copying my_robot_package/__init__.py -> /home/gio2/Robotics/freshStart/Gazebo-Ros2-Demo/ros2_ws/build/my_robot_package/build/lib/my_robot_package
[1.067s] running install
[1.071s] running install_lib
[1.082s] creating /home/gio2/Robotics/freshStart/Gazebo-Ros2-Demo/ros2_ws/install/my_robot_package/lib/python3.12/site-packages/my_robot_package
[1.082s] copying /home/gio2/Robotics/freshStart/Gazebo-Ros2-Demo/ros2_ws/build/my_robot_package/build/lib/my_robot_package/__init__.py -> /home/gio2/Robotics/freshStart/Gazebo-Ros2-Demo/ros2_ws/install/my_robot_package/lib/python3.12/site-packages/my_robot_package
[1.083s] byte-compiling /home/gio2/Robotics/freshStart/Gazebo-Ros2-Demo/ros2_ws/install/my_robot_package/lib/python3.12/site-packages/my_robot_package/__init__.py to __init__.cpython-312.pyc
[1.083s] running install_data
[1.083s] creating /home/gio2/Robotics/freshStart/Gazebo-Ros2-Demo/ros2_ws/install/my_robot_package/share/ament_index
[1.084s] creating /home/gio2/Robotics/freshStart/Gazebo-Ros2-Demo/ros2_ws/install/my_robot_package/share/ament_index/resource_index
[1.084s] creating /home/gio2/Robotics/freshStart/Gazebo-Ros2-Demo/ros2_ws/install/my_robot_package/share/ament_index/resource_index/packages
[1.085s] copying resource/my_robot_package -> /home/gio2/Robotics/freshStart/Gazebo-Ros2-Demo/ros2_ws/install/my_robot_package/share/ament_index/resource_index/packages
[1.085s] copying package.xml -> /home/gio2/Robotics/freshStart/Gazebo-Ros2-Demo/ros2_ws/install/my_robot_package/share/my_robot_package
[1.085s] running install_egg_info
[1.096s] Copying ../build/my_robot_package/my_robot_package.egg-info to /home/gio2/Robotics/freshStart/Gazebo-Ros2-Demo/ros2_ws/install/my_robot_package/lib/python3.12/site-packages/my_robot_package-0.0.0-py3.12.egg-info
[1.097s] running install_scripts
[1.171s] writing list of installed files to '/home/gio2/Robotics/freshStart/Gazebo-Ros2-Demo/ros2_ws/build/my_robot_package/install.log'
[1.194s] Invoked command in '/home/gio2/Robotics/freshStart/Gazebo-Ros2-Demo/ros2_ws/my_robot_package' returned '0': PYTHONPATH=/home/gio2/Robotics/freshStart/Gazebo-Ros2-Demo/ros2_ws/build/my_robot_package/prefix_override:/usr/lib/python3/dist-packages/colcon_core/task/python/colcon_distutils_commands:/home/gio2/Robotics/freshStart/Gazebo-Ros2-Demo/ros2_ws/install/my_robot_package/lib/python3.12/site-packages:${PYTHONPATH} /usr/bin/python3 -W ignore:setup.py install is deprecated -W ignore:easy_install command is deprecated setup.py egg_info --egg-base ../build/my_robot_package build --build-base /home/gio2/Robotics/freshStart/Gazebo-Ros2-Demo/ros2_ws/build/my_robot_package/build install --record /home/gio2/Robotics/freshStart/Gazebo-Ros2-Demo/ros2_ws/build/my_robot_package/install.log --single-version-externally-managed install_data
