running egg_info
writing ../build/my_robot_package/my_robot_package.egg-info/PKG-INFO
writing dependency_links to ../build/my_robot_package/my_robot_package.egg-info/dependency_links.txt
writing entry points to ../build/my_robot_package/my_robot_package.egg-info/entry_points.txt
writing requirements to ../build/my_robot_package/my_robot_package.egg-info/requires.txt
writing top-level names to ../build/my_robot_package/my_robot_package.egg-info/top_level.txt
reading manifest file '../build/my_robot_package/my_robot_package.egg-info/SOURCES.txt'
writing manifest file '../build/my_robot_package/my_robot_package.egg-info/SOURCES.txt'
running build
running build_py
running install
running install_lib
running install_data
copying launch/my_launch_file.launch.py -> /home/gio2/Robotics/freshStart/Gazebo-Ros2-Demo/ros2_ws/install/my_robot_package/share/my_robot_package/launch
creating /home/gio2/Robotics/freshStart/Gazebo-Ros2-Demo/ros2_ws/install/my_robot_package/share/my_robot_package/worlds
copying worlds/harmonic.sdf -> /home/gio2/Robotics/freshStart/Gazebo-Ros2-Demo/ros2_ws/install/my_robot_package/share/my_robot_package/worlds
copying worlds/building_robot2.sdf -> /home/gio2/Robotics/freshStart/Gazebo-Ros2-Demo/ros2_ws/install/my_robot_package/share/my_robot_package/worlds
running install_egg_info
removing '/home/gio2/Robotics/freshStart/Gazebo-Ros2-Demo/ros2_ws/install/my_robot_package/lib/python3.12/site-packages/my_robot_package-0.0.0-py3.12.egg-info' (and everything under it)
Copying ../build/my_robot_package/my_robot_package.egg-info to /home/gio2/Robotics/freshStart/Gazebo-Ros2-Demo/ros2_ws/install/my_robot_package/lib/python3.12/site-packages/my_robot_package-0.0.0-py3.12.egg-info
running install_scripts
Installing map_merger script to /home/gio2/Robotics/freshStart/Gazebo-Ros2-Demo/ros2_ws/install/my_robot_package/lib/my_robot_package
Installing path_follower script to /home/gio2/Robotics/freshStart/Gazebo-Ros2-Demo/ros2_ws/install/my_robot_package/lib/my_robot_package
Installing tf_publisher script to /home/gio2/Robotics/freshStart/Gazebo-Ros2-Demo/ros2_ws/install/my_robot_package/lib/my_robot_package
writing list of installed files to '/home/gio2/Robotics/freshStart/Gazebo-Ros2-Demo/ros2_ws/build/my_robot_package/install.log'
