[0.499s] Invoking command in '/home/gio2/Robotics/freshStart/Gazebo-Ros2-Demo/ros2_ws/my_robot_package': PYTHONPATH=/home/gio2/Robotics/freshStart/Gazebo-Ros2-Demo/ros2_ws/build/my_robot_package/prefix_override:/usr/lib/python3/dist-packages/colcon_core/task/python/colcon_distutils_commands:/home/gio2/Robotics/freshStart/Gazebo-Ros2-Demo/ros2_ws/install/my_robot_package/lib/python3.12/site-packages:${PYTHONPATH} /usr/bin/python3 -W ignore:setup.py install is deprecated -W ignore:easy_install command is deprecated setup.py egg_info --egg-base ../build/my_robot_package build --build-base /home/gio2/Robotics/freshStart/Gazebo-Ros2-Demo/ros2_ws/build/my_robot_package/build install --record /home/gio2/Robotics/freshStart/Gazebo-Ros2-Demo/ros2_ws/build/my_robot_package/install.log --single-version-externally-managed install_data
[0.664s] running egg_info
[0.674s] writing ../build/my_robot_package/my_robot_package.egg-info/PKG-INFO
[0.675s] writing dependency_links to ../build/my_robot_package/my_robot_package.egg-info/dependency_links.txt
[0.675s] writing entry points to ../build/my_robot_package/my_robot_package.egg-info/entry_points.txt
[0.675s] writing requirements to ../build/my_robot_package/my_robot_package.egg-info/requires.txt
[0.675s] writing top-level names to ../build/my_robot_package/my_robot_package.egg-info/top_level.txt
[0.695s] reading manifest file '../build/my_robot_package/my_robot_package.egg-info/SOURCES.txt'
[0.696s] writing manifest file '../build/my_robot_package/my_robot_package.egg-info/SOURCES.txt'
[0.696s] running build
[0.696s] running build_py
[0.696s] running install
[0.700s] running install_lib
[0.710s] running install_data
[0.711s] copying launch/my_launch_file.launch.py -> /home/gio2/Robotics/freshStart/Gazebo-Ros2-Demo/ros2_ws/install/my_robot_package/share/my_robot_package/launch
[0.711s] creating /home/gio2/Robotics/freshStart/Gazebo-Ros2-Demo/ros2_ws/install/my_robot_package/share/my_robot_package/worlds
[0.713s] copying worlds/harmonic.sdf -> /home/gio2/Robotics/freshStart/Gazebo-Ros2-Demo/ros2_ws/install/my_robot_package/share/my_robot_package/worlds
[0.713s] copying worlds/building_robot2.sdf -> /home/gio2/Robotics/freshStart/Gazebo-Ros2-Demo/ros2_ws/install/my_robot_package/share/my_robot_package/worlds
[0.713s] running install_egg_info
[0.725s] removing '/home/gio2/Robotics/freshStart/Gazebo-Ros2-Demo/ros2_ws/install/my_robot_package/lib/python3.12/site-packages/my_robot_package-0.0.0-py3.12.egg-info' (and everything under it)
[0.725s] Copying ../build/my_robot_package/my_robot_package.egg-info to /home/gio2/Robotics/freshStart/Gazebo-Ros2-Demo/ros2_ws/install/my_robot_package/lib/python3.12/site-packages/my_robot_package-0.0.0-py3.12.egg-info
[0.727s] running install_scripts
[0.801s] Installing map_merger script to /home/gio2/Robotics/freshStart/Gazebo-Ros2-Demo/ros2_ws/install/my_robot_package/lib/my_robot_package
[0.801s] Installing path_follower script to /home/gio2/Robotics/freshStart/Gazebo-Ros2-Demo/ros2_ws/install/my_robot_package/lib/my_robot_package
[0.801s] Installing tf_publisher script to /home/gio2/Robotics/freshStart/Gazebo-Ros2-Demo/ros2_ws/install/my_robot_package/lib/my_robot_package
[0.802s] writing list of installed files to '/home/gio2/Robotics/freshStart/Gazebo-Ros2-Demo/ros2_ws/build/my_robot_package/install.log'
[0.827s] Invoked command in '/home/gio2/Robotics/freshStart/Gazebo-Ros2-Demo/ros2_ws/my_robot_package' returned '0': PYTHONPATH=/home/gio2/Robotics/freshStart/Gazebo-Ros2-Demo/ros2_ws/build/my_robot_package/prefix_override:/usr/lib/python3/dist-packages/colcon_core/task/python/colcon_distutils_commands:/home/gio2/Robotics/freshStart/Gazebo-Ros2-Demo/ros2_ws/install/my_robot_package/lib/python3.12/site-packages:${PYTHONPATH} /usr/bin/python3 -W ignore:setup.py install is deprecated -W ignore:easy_install command is deprecated setup.py egg_info --egg-base ../build/my_robot_package build --build-base /home/gio2/Robotics/freshStart/Gazebo-Ros2-Demo/ros2_ws/build/my_robot_package/build install --record /home/gio2/Robotics/freshStart/Gazebo-Ros2-Demo/ros2_ws/build/my_robot_package/install.log --single-version-externally-managed install_data
